
                                                          
  [Symfony\Component\Console\Exception\RuntimeException]  
  The "--daemon" option does not exist.                   
                                                          

events.js:200
      throw er; // Unhandled 'error' event
      ^

Error: listen EADDRINUSE: address already in use :::3000
    at Server.setupListenHandle [as _listen2] (net.js:1306:16)
    at listenInCluster (net.js:1354:12)
    at Server.listen (net.js:1442:7)
    at Object.<anonymous> (/var/www/html/boyigame/socket.js:930:6)
    at Module._compile (internal/modules/cjs/loader.js:955:30)
    at Object.Module._extensions..js (internal/modules/cjs/loader.js:991:10)
    at Module.load (internal/modules/cjs/loader.js:811:32)
    at Function.Module._load (internal/modules/cjs/loader.js:723:14)
    at Function.Module.runMain (internal/modules/cjs/loader.js:1043:10)
    at internal/main/run_main_module.js:17:11
Emitted 'error' event on Server instance at:
    at emitErrorNT (net.js:1333:8)
    at processTicksAndRejections (internal/process/task_queues.js:81:21) {
  code: 'EADDRINUSE',
  errno: 'EADDRINUSE',
  syscall: 'listen',
  address: '::',
  port: 3000
}
events.js:200
      throw er; // Unhandled 'error' event
      ^

Error: listen EADDRINUSE: address already in use :::3000
    at Server.setupListenHandle [as _listen2] (net.js:1306:16)
    at listenInCluster (net.js:1354:12)
    at Server.listen (net.js:1442:7)
    at Object.<anonymous> (/var/www/html/boyigame/socket.js:930:6)
    at Module._compile (internal/modules/cjs/loader.js:955:30)
    at Object.Module._extensions..js (internal/modules/cjs/loader.js:991:10)
    at Module.load (internal/modules/cjs/loader.js:811:32)
    at Function.Module._load (internal/modules/cjs/loader.js:723:14)
    at Function.Module.runMain (internal/modules/cjs/loader.js:1043:10)
    at internal/main/run_main_module.js:17:11
Emitted 'error' event on Server instance at:
    at emitErrorNT (net.js:1333:8)
    at processTicksAndRejections (internal/process/task_queues.js:81:21) {
  code: 'EADDRINUSE',
  errno: 'EADDRINUSE',
  syscall: 'listen',
  address: '::',
  port: 3000
}
